<?xml version="1.0" encoding="UTF-8"?>
<!-- Generated by org.testng.reporters.JUnitReportReporter -->
<testsuite hostname="D-313071756" failures="0" tests="1" name="SampleTest2" time="57.200" errors="0" timestamp="2020-08-24T10:05:16 IST" skipped="0">
  <testcase classname="SampleTest2" name="basicTest" time="57.200"/>
  <system-out>
Successfully selected shop option  </system-out>
</testsuite> <!-- SampleTest2 -->
